  MyForm.cpp
c:\users\tom chiang\downloads\openmesh_ex_update3\openmesh_ex\openmesh_ex\MyForm.h(246): warning C4018: '<': signed/unsigned mismatch
c:\users\tom chiang\downloads\openmesh_ex_update3\openmesh_ex\openmesh_ex\MyForm.h(251): warning C4244: 'argument': conversion from 'double' to 'GLfloat', possible loss of data
c:\users\tom chiang\downloads\openmesh_ex_update3\openmesh_ex\openmesh_ex\MyForm.h(252): warning C4244: 'argument': conversion from 'double' to 'GLfloat', possible loss of data
c:\users\tom chiang\downloads\openmesh_ex_update3\openmesh_ex\openmesh_ex\MyForm.h(253): warning C4244: 'argument': conversion from 'double' to 'GLfloat', possible loss of data
c:\users\tom chiang\downloads\openmesh_ex_update3\openmesh_ex\openmesh_ex\MyForm.h(281): warning C4244: 'argument': conversion from 'double' to 'GLfloat', possible loss of data
c:\users\tom chiang\downloads\openmesh_ex_update3\openmesh_ex\openmesh_ex\MyForm.h(287): warning C4244: '=': conversion from 'double' to 'float', possible loss of data
c:\users\tom chiang\downloads\openmesh_ex_update3\openmesh_ex\openmesh_ex\MyForm.h(296): warning C4244: '=': conversion from 'double' to 'float', possible loss of data
c:\users\tom chiang\downloads\openmesh_ex_update3\openmesh_ex\openmesh_ex\MyForm.h(313): warning C4244: '=': conversion from 'double' to 'float', possible loss of data
c:\users\tom chiang\downloads\openmesh_ex_update3\openmesh_ex\openmesh_ex\MyForm.h(321): warning C4305: 'argument': truncation from 'double' to 'GLfloat'
c:\users\tom chiang\downloads\openmesh_ex_update3\openmesh_ex\openmesh_ex\MyForm.h(332): warning C4244: '=': conversion from 'double' to 'float', possible loss of data
c:\users\tom chiang\downloads\openmesh_ex_update3\openmesh_ex\openmesh_ex\MyForm.h(352): warning C4018: '<': signed/unsigned mismatch
c:\users\tom chiang\downloads\openmesh_ex_update3\openmesh_ex\openmesh_ex\MyForm.h(375): warning C4018: '<': signed/unsigned mismatch
c:\users\tom chiang\downloads\openmesh_ex_update3\openmesh_ex\openmesh_ex\MyForm.h(380): warning C4244: 'argument': conversion from 'double' to 'GLfloat', possible loss of data
c:\users\tom chiang\downloads\openmesh_ex_update3\openmesh_ex\openmesh_ex\MyForm.h(381): warning C4244: 'argument': conversion from 'double' to 'GLfloat', possible loss of data
c:\users\tom chiang\downloads\openmesh_ex_update3\openmesh_ex\openmesh_ex\MyForm.h(382): warning C4244: 'argument': conversion from 'double' to 'GLfloat', possible loss of data
c:\users\tom chiang\downloads\openmesh_ex_update3\openmesh_ex\openmesh_ex\MyForm.h(287): warning C4996: 'OpenMesh::Iterators::GenericCirculatorT_DEPRECATED<OpenMesh::PolyConnectivity::This,OpenMesh::ArrayKernel::VertexHandle,OpenMesh::ArrayKernel::VertexHandle,{&OpenMesh::Iterators::GenericCirculatorBaseT<OpenMesh::PolyConnectivity::This>::toVertexHandle,0}>::handle': This function clutters your code. Use dereferencing operators -> and * instead.
  C:\Users\Tom Chiang\Downloads\OpenMesh_EX_update3\OpenMesh_EX\OpenMesh-5.2\src\OpenMesh/Core/Mesh/CirculatorsT.hh(567): note: see declaration of 'OpenMesh::Iterators::GenericCirculatorT_DEPRECATED<OpenMesh::PolyConnectivity::This,OpenMesh::ArrayKernel::VertexHandle,OpenMesh::ArrayKernel::VertexHandle,{&OpenMesh::Iterators::GenericCirculatorBaseT<OpenMesh::PolyConnectivity::This>::toVertexHandle,0}>::handle'
c:\users\tom chiang\downloads\openmesh_ex_update3\openmesh_ex\openmesh_ex\MyForm.h(293): warning C4996: 'OpenMesh::Iterators::GenericIteratorT<OpenMesh::PolyConnectivity::This,OpenMesh::ArrayKernel::VertexHandle,OpenMesh::ArrayKernel,{&OpenMesh::ArrayKernel::has_vertex_status,0},{&OpenMesh::ArrayKernel::[thunk]: __thiscall OpenMesh::ArrayKernel::`vcall'{4,{flat}}' }',0}>::operator OpenMesh::VertexHandle': Implicit casts of iterators are unsafe. Use dereferencing operators -> and * instead.
  C:\Users\Tom Chiang\Downloads\OpenMesh_EX_update3\OpenMesh_EX\OpenMesh-5.2\src\OpenMesh/Core/Mesh/IteratorsT.hh(144): note: see declaration of 'OpenMesh::Iterators::GenericIteratorT<OpenMesh::PolyConnectivity::This,OpenMesh::ArrayKernel::VertexHandle,OpenMesh::ArrayKernel,{&OpenMesh::ArrayKernel::has_vertex_status,0},{&OpenMesh::ArrayKernel::[thunk]: __thiscall OpenMesh::ArrayKernel::`vcall'{4,{flat}}' }',0}>::operator OpenMesh::VertexHandle'
c:\users\tom chiang\downloads\openmesh_ex_update3\openmesh_ex\openmesh_ex\MyForm.h(296): warning C4996: 'OpenMesh::Iterators::GenericCirculatorT_DEPRECATED<OpenMesh::PolyConnectivity::This,OpenMesh::ArrayKernel::VertexHandle,OpenMesh::ArrayKernel::VertexHandle,{&OpenMesh::Iterators::GenericCirculatorBaseT<OpenMesh::PolyConnectivity::This>::toVertexHandle,0}>::handle': This function clutters your code. Use dereferencing operators -> and * instead.
  C:\Users\Tom Chiang\Downloads\OpenMesh_EX_update3\OpenMesh_EX\OpenMesh-5.2\src\OpenMesh/Core/Mesh/CirculatorsT.hh(567): note: see declaration of 'OpenMesh::Iterators::GenericCirculatorT_DEPRECATED<OpenMesh::PolyConnectivity::This,OpenMesh::ArrayKernel::VertexHandle,OpenMesh::ArrayKernel::VertexHandle,{&OpenMesh::Iterators::GenericCirculatorBaseT<OpenMesh::PolyConnectivity::This>::toVertexHandle,0}>::handle'
c:\users\tom chiang\downloads\openmesh_ex_update3\openmesh_ex\openmesh_ex\MyForm.h(310): warning C4996: 'OpenMesh::Iterators::GenericIteratorT<OpenMesh::PolyConnectivity::This,OpenMesh::ArrayKernel::FaceHandle,OpenMesh::ArrayKernel,{&OpenMesh::ArrayKernel::has_face_status,0},{&OpenMesh::ArrayKernel::[thunk]: __thiscall OpenMesh::ArrayKernel::`vcall'{16,{flat}}' }',0}>::operator OpenMesh::FaceHandle': Implicit casts of iterators are unsafe. Use dereferencing operators -> and * instead.
  C:\Users\Tom Chiang\Downloads\OpenMesh_EX_update3\OpenMesh_EX\OpenMesh-5.2\src\OpenMesh/Core/Mesh/IteratorsT.hh(144): note: see declaration of 'OpenMesh::Iterators::GenericIteratorT<OpenMesh::PolyConnectivity::This,OpenMesh::ArrayKernel::FaceHandle,OpenMesh::ArrayKernel,{&OpenMesh::ArrayKernel::has_face_status,0},{&OpenMesh::ArrayKernel::[thunk]: __thiscall OpenMesh::ArrayKernel::`vcall'{16,{flat}}' }',0}>::operator OpenMesh::FaceHandle'
c:\users\tom chiang\downloads\openmesh_ex_update3\openmesh_ex\openmesh_ex\MyForm.h(313): warning C4996: 'OpenMesh::Iterators::GenericCirculatorT_DEPRECATED<OpenMesh::PolyConnectivity::This,OpenMesh::ArrayKernel::FaceHandle,OpenMesh::ArrayKernel::VertexHandle,{&OpenMesh::Iterators::GenericCirculatorBaseT<OpenMesh::PolyConnectivity::This>::toVertexHandle,0}>::handle': This function clutters your code. Use dereferencing operators -> and * instead.
  C:\Users\Tom Chiang\Downloads\OpenMesh_EX_update3\OpenMesh_EX\OpenMesh-5.2\src\OpenMesh/Core/Mesh/CirculatorsT.hh(567): note: see declaration of 'OpenMesh::Iterators::GenericCirculatorT_DEPRECATED<OpenMesh::PolyConnectivity::This,OpenMesh::ArrayKernel::FaceHandle,OpenMesh::ArrayKernel::VertexHandle,{&OpenMesh::Iterators::GenericCirculatorBaseT<OpenMesh::PolyConnectivity::This>::toVertexHandle,0}>::handle'
c:\users\tom chiang\downloads\openmesh_ex_update3\openmesh_ex\openmesh_ex\MyForm.h(329): warning C4996: 'OpenMesh::Iterators::GenericIteratorT<OpenMesh::PolyConnectivity::This,OpenMesh::ArrayKernel::FaceHandle,OpenMesh::ArrayKernel,{&OpenMesh::ArrayKernel::has_face_status,0},{&OpenMesh::ArrayKernel::[thunk]: __thiscall OpenMesh::ArrayKernel::`vcall'{16,{flat}}' }',0}>::operator OpenMesh::FaceHandle': Implicit casts of iterators are unsafe. Use dereferencing operators -> and * instead.
  C:\Users\Tom Chiang\Downloads\OpenMesh_EX_update3\OpenMesh_EX\OpenMesh-5.2\src\OpenMesh/Core/Mesh/IteratorsT.hh(144): note: see declaration of 'OpenMesh::Iterators::GenericIteratorT<OpenMesh::PolyConnectivity::This,OpenMesh::ArrayKernel::FaceHandle,OpenMesh::ArrayKernel,{&OpenMesh::ArrayKernel::has_face_status,0},{&OpenMesh::ArrayKernel::[thunk]: __thiscall OpenMesh::ArrayKernel::`vcall'{16,{flat}}' }',0}>::operator OpenMesh::FaceHandle'
c:\users\tom chiang\downloads\openmesh_ex_update3\openmesh_ex\openmesh_ex\MyForm.h(332): warning C4996: 'OpenMesh::Iterators::GenericCirculatorT_DEPRECATED<OpenMesh::PolyConnectivity::This,OpenMesh::ArrayKernel::FaceHandle,OpenMesh::ArrayKernel::VertexHandle,{&OpenMesh::Iterators::GenericCirculatorBaseT<OpenMesh::PolyConnectivity::This>::toVertexHandle,0}>::handle': This function clutters your code. Use dereferencing operators -> and * instead.
  C:\Users\Tom Chiang\Downloads\OpenMesh_EX_update3\OpenMesh_EX\OpenMesh-5.2\src\OpenMesh/Core/Mesh/CirculatorsT.hh(567): note: see declaration of 'OpenMesh::Iterators::GenericCirculatorT_DEPRECATED<OpenMesh::PolyConnectivity::This,OpenMesh::ArrayKernel::FaceHandle,OpenMesh::ArrayKernel::VertexHandle,{&OpenMesh::Iterators::GenericCirculatorBaseT<OpenMesh::PolyConnectivity::This>::toVertexHandle,0}>::handle'
MyForm.cpp(6): warning C4829: Possibly incorrect parameters to function main. Consider 'int main(Platform::Array<Platform::String^>^ argv)'
C:\Users\Tom Chiang\Downloads\OpenMesh_EX_update3\OpenMesh_EX\OpenMesh_EX\MyForm.cpp : warning C4793: 'OpenMesh::ArrayKernel::`vcall'{16}'': function compiled as native:
  	non-clrcall vcall thunks must be compiled as native
C:\Users\Tom Chiang\Downloads\OpenMesh_EX_update3\OpenMesh_EX\OpenMesh_EX\MyForm.cpp : warning C4793: 'OpenMesh::ArrayKernel::`vcall'{4}'': function compiled as native:
  	non-clrcall vcall thunks must be compiled as native
  DotNetUitilities.obj : /DEBUG:FASTLINK is not supported when managed code is present; restarting link with /DEBUG:FULL
  OpenMesh_EX.vcxproj -> C:\Users\Tom Chiang\Downloads\OpenMesh_EX_update3\OpenMesh_EX\Debug\OpenMesh_EX.exe
  OpenMesh_EX.vcxproj -> C:\Users\Tom Chiang\Downloads\OpenMesh_EX_update3\OpenMesh_EX\Debug\OpenMesh_EX.pdb (Partial PDB)
